#
# There is insufficient memory for the Java Runtime Environment to continue.
# Native memory allocation (malloc) failed to allocate 984656 bytes for Chunk::new
# Possible reasons:
#   The system is out of physical RAM or swap space
#   The process is running with CompressedOops enabled, and the Java Heap may be blocking the growth of the native heap
# Possible solutions:
#   Reduce memory load on the system
#   Increase physical memory or swap space
#   Check if swap backing store is full
#   Decrease Java heap size (-Xmx/-Xms)
#   Decrease number of Java threads
#   Decrease Java thread stack sizes (-Xss)
#   Set larger code cache with -XX:ReservedCodeCacheSize=
#   JVM is running with Unscaled Compressed Oops mode in which the Java heap is
#     placed in the first 4GB address space. The Java Heap base address is the
#     maximum limit for the native heap growth. Please use -XX:HeapBaseMinAddress
#     to set the Java Heap base and to place the Java Heap above 4GB virtual address.
# This output file may be truncated or incomplete.
#
#  Out of Memory Error (./src/hotspot/share/memory/arena.cpp:197), pid=15028, tid=17064
#
# JRE version: OpenJDK Runtime Environment (11.0.13) (build 11.0.13+0-b1751.21-8125866)
# Java VM: OpenJDK 64-Bit Server VM (11.0.13+0-b1751.21-8125866, mixed mode, tiered, compressed oops, g1 gc, windows-amd64)
# No core dump will be written. Minidumps are not enabled by default on client versions of Windows
#

---------------  S U M M A R Y ------------

Command Line: org.jetbrains.kotlin.cli.jvm.K2JVMCompiler @C:\Android\Projects\MyFirstApplication\app\build\20221019_12789139762305639619.compiler.options

Host: Intel(R) Core(TM) i5-8250U CPU @ 1.60GHz, 8 cores, 7G,  Windows 10 , 64 bit Build 19041 (10.0.19041.1706)
Time: Wed Oct 19 20:18:13 2022 RTZ 2 (зима) elapsed time: 9.817387 seconds (0d 0h 0m 9s)

---------------  T H R E A D  ---------------

Current thread (0x00000241e0a8d800):  JavaThread "C2 CompilerThread0" daemon [_thread_in_native, id=17064, stack(0x0000007508800000,0x0000007508900000)]


Current CompileTask:
C2:   9817 3100       4       jdk.internal.loader.Resource::getByteBuffer (24 bytes)

Stack: [0x0000007508800000,0x0000007508900000]
Native frames: (J=compiled Java code, j=interpreted, Vv=VM code, C=native code)
V  [jvm.dll+0x6100fa]
V  [jvm.dll+0x747090]
V  [jvm.dll+0x7486ad]
V  [jvm.dll+0x748d83]
V  [jvm.dll+0x24ab48]
V  [jvm.dll+0xc04dc]
V  [jvm.dll+0xc0a0c]
V  [jvm.dll+0x35eb9d]
V  [jvm.dll+0x32b833]
V  [jvm.dll+0x32ad2a]
V  [jvm.dll+0x2032b2]
V  [jvm.dll+0x202437]
V  [jvm.dll+0x188e01]
V  [jvm.dll+0x21106b]
V  [jvm.dll+0x20f8c1]
V  [jvm.dll+0x70de0f]
V  [jvm.dll+0x706a75]
V  [jvm.dll+0x60ed66]
C  [ucrtbase.dll+0x21bb2]
C  [KERNEL32.DLL+0x17034]
C  [ntdll.dll+0x52651]


---------------  P R O C E S S  ---------------

Threads class SMR info:
_java_thread_list=0x00000241e0bdc8a0, length=10, elements={
0x00000241c5cf4800, 0x00000241e0103800, 0x00000241e0111000, 0x00000241e0121000,
0x00000241e0122000, 0x00000241e0124000, 0x00000241e0a8d800, 0x00000241e0a92800,
0x00000241e0128000, 0x00000241e0be6000
}

Java Threads: ( => current thread )
  0x00000241c5cf4800 JavaThread "main" [_thread_in_native, id=1160, stack(0x0000007507c00000,0x0000007507d00000)]
  0x00000241e0103800 JavaThread "Reference Handler" daemon [_thread_blocked, id=15896, stack(0x0000007508300000,0x0000007508400000)]
  0x00000241e0111000 JavaThread "Finalizer" daemon [_thread_blocked, id=19132, stack(0x0000007508400000,0x0000007508500000)]
  0x00000241e0121000 JavaThread "Signal Dispatcher" daemon [_thread_blocked, id=18540, stack(0x0000007508500000,0x0000007508600000)]
  0x00000241e0122000 JavaThread "Attach Listener" daemon [_thread_blocked, id=14692, stack(0x0000007508600000,0x0000007508700000)]
  0x00000241e0124000 JavaThread "Service Thread" daemon [_thread_blocked, id=12264, stack(0x0000007508700000,0x0000007508800000)]
=>0x00000241e0a8d800 JavaThread "C2 CompilerThread0" daemon [_thread_in_native, id=17064, stack(0x0000007508800000,0x0000007508900000)]
  0x00000241e0a92800 JavaThread "C1 CompilerThread0" daemon [_thread_blocked, id=13544, stack(0x0000007508900000,0x0000007508a00000)]
  0x00000241e0128000 JavaThread "Sweeper thread" daemon [_thread_blocked, id=6904, stack(0x0000007508a00000,0x0000007508b00000)]
  0x00000241e0be6000 JavaThread "Common-Cleaner" daemon [_thread_blocked, id=19188, stack(0x0000007508c00000,0x0000007508d00000)]

Other Threads:
  0x00000241e00dd800 VMThread "VM Thread" [stack: 0x0000007508200000,0x0000007508300000] [id=8500]
  0x00000241e0be0000 WatcherThread [stack: 0x0000007508b00000,0x0000007508c00000] [id=1608]
  0x00000241c5d0b000 GCTaskThread "GC Thread#0" [stack: 0x0000007507d00000,0x0000007507e00000] [id=18736]
  0x00000241e13a4000 GCTaskThread "GC Thread#1" [stack: 0x0000007508d00000,0x0000007508e00000] [id=3152]
  0x00000241e13a4800 GCTaskThread "GC Thread#2" [stack: 0x0000007508e00000,0x0000007508f00000] [id=9836]
  0x00000241c5d3c000 ConcurrentGCThread "G1 Main Marker" [stack: 0x0000007507e00000,0x0000007507f00000] [id=14228]
  0x00000241c5d3f800 ConcurrentGCThread "G1 Conc#0" [stack: 0x0000007507f00000,0x0000007508000000] [id=19176]
  0x00000241e222c800 ConcurrentGCThread "G1 Conc#1" [stack: 0x0000007508f00000,0x0000007509000000] [id=6684]
  0x00000241dff44800 ConcurrentGCThread "G1 Refine#0" [stack: 0x0000007508000000,0x0000007508100000] [id=3576]
  0x00000241c5dce000 ConcurrentGCThread "G1 Young RemSet Sampling" [stack: 0x0000007508100000,0x0000007508200000] [id=16232]

Threads with active compile tasks:
C2 CompilerThread0   9938 3100       4       jdk.internal.loader.Resource::getByteBuffer (24 bytes)

VM state:not at safepoint (normal execution)

VM Mutex/Monitor currently owned by a thread: None

Heap address: 0x0000000081600000, size: 2026 MB, Compressed Oops mode: 32-bit
Narrow klass base: 0x0000000000000000, Narrow klass shift: 3
Compressed class space size: 1073741824 Address: 0x0000000100000000

Heap:
 garbage-first heap   total 157696K, used 45388K [0x0000000081600000, 0x0000000100000000)
  region size 1024K, 24 young (24576K), 6 survivors (6144K)
 Metaspace       used 50700K, capacity 51182K, committed 51328K, reserved 1093632K
  class space    used 6013K, capacity 6223K, committed 6272K, reserved 1048576K
Heap Regions: E=young(eden), S=young(survivor), O=old, HS=humongous(starts), HC=humongous(continues), CS=collection set, F=free, A=archive, TAMS=top-at-mark-start (previous, next)
|   0|0x0000000081600000, 0x0000000081700000, 0x0000000081700000|100%|HS|  |TAMS 0x0000000081700000, 0x0000000081600000| Complete 
|   1|0x0000000081700000, 0x0000000081800000, 0x0000000081800000|100%|HC|  |TAMS 0x0000000081800000, 0x0000000081700000| Complete 
|   2|0x0000000081800000, 0x0000000081900000, 0x0000000081900000|100%|HC|  |TAMS 0x0000000081900000, 0x0000000081800000| Complete 
|   3|0x0000000081900000, 0x0000000081a00000, 0x0000000081a00000|100%|HC|  |TAMS 0x0000000081a00000, 0x0000000081900000| Complete 
|   4|0x0000000081a00000, 0x0000000081b00000, 0x0000000081b00000|100%| O|  |TAMS 0x0000000081b00000, 0x0000000081a00000| Untracked 
|   5|0x0000000081b00000, 0x0000000081c00000, 0x0000000081c00000|100%| O|  |TAMS 0x0000000081c00000, 0x0000000081b00000| Untracked 
|   6|0x0000000081c00000, 0x0000000081d00000, 0x0000000081d00000|100%|HS|  |TAMS 0x0000000081d00000, 0x0000000081c00000| Complete 
|   7|0x0000000081d00000, 0x0000000081e00000, 0x0000000081e00000|100%|HC|  |TAMS 0x0000000081e00000, 0x0000000081d00000| Complete 
|   8|0x0000000081e00000, 0x0000000081f00000, 0x0000000081f00000|100%|HC|  |TAMS 0x0000000081f00000, 0x0000000081e00000| Complete 
|   9|0x0000000081f00000, 0x0000000082000000, 0x0000000082000000|100%|HC|  |TAMS 0x0000000082000000, 0x0000000081f00000| Complete 
|  10|0x0000000082000000, 0x0000000082100000, 0x0000000082100000|100%|HS|  |TAMS 0x0000000082100000, 0x0000000082000000| Complete 
|  11|0x0000000082100000, 0x0000000082200000, 0x0000000082200000|100%|HC|  |TAMS 0x0000000082200000, 0x0000000082100000| Complete 
|  12|0x0000000082200000, 0x0000000082300000, 0x0000000082300000|100%| O|  |TAMS 0x0000000082300000, 0x0000000082200000| Untracked 
|  13|0x0000000082300000, 0x0000000082400000, 0x0000000082400000|100%| O|  |TAMS 0x0000000082400000, 0x0000000082300000| Untracked 
|  14|0x0000000082400000, 0x0000000082500000, 0x0000000082500000|100%| O|  |TAMS 0x0000000082500000, 0x0000000082400000| Untracked 
|  15|0x0000000082500000, 0x0000000082600000, 0x0000000082600000|100%| O|  |TAMS 0x0000000082600000, 0x0000000082500000| Untracked 
|  16|0x0000000082600000, 0x0000000082700000, 0x0000000082700000|100%| O|  |TAMS 0x0000000082700000, 0x0000000082600000| Untracked 
|  17|0x0000000082700000, 0x0000000082800000, 0x0000000082800000|100%| O|  |TAMS 0x0000000082800000, 0x0000000082700000| Untracked 
|  18|0x0000000082800000, 0x0000000082900000, 0x0000000082900000|100%| O|  |TAMS 0x0000000082900000, 0x0000000082800000| Untracked 
|  19|0x0000000082900000, 0x0000000082a00000, 0x0000000082a00000|100%| O|  |TAMS 0x0000000082a00000, 0x0000000082900000| Untracked 
|  20|0x0000000082a00000, 0x0000000082b00000, 0x0000000082b00000|100%| O|  |TAMS 0x0000000082b00000, 0x0000000082a00000| Untracked 
|  21|0x0000000082b00000, 0x0000000082b88800, 0x0000000082c00000| 53%| O|  |TAMS 0x0000000082b88800, 0x0000000082b00000| Untracked 
|  22|0x0000000082c00000, 0x0000000082c00000, 0x0000000082d00000|  0%| F|  |TAMS 0x0000000082c00000, 0x0000000082c00000| Untracked 
|  23|0x0000000082d00000, 0x0000000082d00000, 0x0000000082e00000|  0%| F|  |TAMS 0x0000000082d00000, 0x0000000082d00000| Untracked 
|  24|0x0000000082e00000, 0x0000000082e00000, 0x0000000082f00000|  0%| F|  |TAMS 0x0000000082e00000, 0x0000000082e00000| Untracked 
|  25|0x0000000082f00000, 0x0000000082f00000, 0x0000000083000000|  0%| F|  |TAMS 0x0000000082f00000, 0x0000000082f00000| Untracked 
|  26|0x0000000083000000, 0x0000000083000000, 0x0000000083100000|  0%| F|  |TAMS 0x0000000083000000, 0x0000000083000000| Untracked 
|  27|0x0000000083100000, 0x0000000083100000, 0x0000000083200000|  0%| F|  |TAMS 0x0000000083100000, 0x0000000083100000| Untracked 
|  28|0x0000000083200000, 0x0000000083200000, 0x0000000083300000|  0%| F|  |TAMS 0x0000000083200000, 0x0000000083200000| Untracked 
|  29|0x0000000083300000, 0x0000000083300000, 0x0000000083400000|  0%| F|  |TAMS 0x0000000083300000, 0x0000000083300000| Untracked 
|  30|0x0000000083400000, 0x0000000083400000, 0x0000000083500000|  0%| F|  |TAMS 0x0000000083400000, 0x0000000083400000| Untracked 
|  31|0x0000000083500000, 0x0000000083500000, 0x0000000083600000|  0%| F|  |TAMS 0x0000000083500000, 0x0000000083500000| Untracked 
|  32|0x0000000083600000, 0x0000000083600000, 0x0000000083700000|  0%| F|  |TAMS 0x0000000083600000, 0x0000000083600000| Untracked 
|  33|0x0000000083700000, 0x0000000083700000, 0x0000000083800000|  0%| F|  |TAMS 0x0000000083700000, 0x0000000083700000| Untracked 
|  34|0x0000000083800000, 0x0000000083800000, 0x0000000083900000|  0%| F|  |TAMS 0x0000000083800000, 0x0000000083800000| Untracked 
|  35|0x0000000083900000, 0x0000000083900000, 0x0000000083a00000|  0%| F|  |TAMS 0x0000000083900000, 0x0000000083900000| Untracked 
|  36|0x0000000083a00000, 0x0000000083a00000, 0x0000000083b00000|  0%| F|  |TAMS 0x0000000083a00000, 0x0000000083a00000| Untracked 
|  37|0x0000000083b00000, 0x0000000083b00000, 0x0000000083c00000|  0%| F|  |TAMS 0x0000000083b00000, 0x0000000083b00000| Untracked 
|  38|0x0000000083c00000, 0x0000000083c00000, 0x0000000083d00000|  0%| F|  |TAMS 0x0000000083c00000, 0x0000000083c00000| Untracked 
|  39|0x0000000083d00000, 0x0000000083d00000, 0x0000000083e00000|  0%| F|  |TAMS 0x0000000083d00000, 0x0000000083d00000| Untracked 
|  40|0x0000000083e00000, 0x0000000083e00000, 0x0000000083f00000|  0%| F|  |TAMS 0x0000000083e00000, 0x0000000083e00000| Untracked 
|  41|0x0000000083f00000, 0x0000000083f00000, 0x0000000084000000|  0%| F|  |TAMS 0x0000000083f00000, 0x0000000083f00000| Untracked 
|  42|0x0000000084000000, 0x0000000084000000, 0x0000000084100000|  0%| F|  |TAMS 0x0000000084000000, 0x0000000084000000| Untracked 
|  43|0x0000000084100000, 0x0000000084100000, 0x0000000084200000|  0%| F|  |TAMS 0x0000000084100000, 0x0000000084100000| Untracked 
|  44|0x0000000084200000, 0x0000000084200000, 0x0000000084300000|  0%| F|  |TAMS 0x0000000084200000, 0x0000000084200000| Untracked 
|  45|0x0000000084300000, 0x0000000084300000, 0x0000000084400000|  0%| F|  |TAMS 0x0000000084300000, 0x0000000084300000| Untracked 
|  46|0x0000000084400000, 0x0000000084400000, 0x0000000084500000|  0%| F|  |TAMS 0x0000000084400000, 0x0000000084400000| Untracked 
|  47|0x0000000084500000, 0x0000000084500000, 0x0000000084600000|  0%| F|  |TAMS 0x0000000084500000, 0x0000000084500000| Untracked 
|  48|0x0000000084600000, 0x0000000084600000, 0x0000000084700000|  0%| F|  |TAMS 0x0000000084600000, 0x0000000084600000| Untracked 
|  49|0x0000000084700000, 0x0000000084700000, 0x0000000084800000|  0%| F|  |TAMS 0x0000000084700000, 0x0000000084700000| Untracked 
|  50|0x0000000084800000, 0x0000000084800000, 0x0000000084900000|  0%| F|  |TAMS 0x0000000084800000, 0x0000000084800000| Untracked 
|  51|0x0000000084900000, 0x0000000084900000, 0x0000000084a00000|  0%| F|  |TAMS 0x0000000084900000, 0x0000000084900000| Untracked 
|  52|0x0000000084a00000, 0x0000000084a00000, 0x0000000084b00000|  0%| F|  |TAMS 0x0000000084a00000, 0x0000000084a00000| Untracked 
|  53|0x0000000084b00000, 0x0000000084b00000, 0x0000000084c00000|  0%| F|  |TAMS 0x0000000084b00000, 0x0000000084b00000| Untracked 
|  54|0x0000000084c00000, 0x0000000084c00000, 0x0000000084d00000|  0%| F|  |TAMS 0x0000000084c00000, 0x0000000084c00000| Untracked 
|  55|0x0000000084d00000, 0x0000000084d00000, 0x0000000084e00000|  0%| F|  |TAMS 0x0000000084d00000, 0x0000000084d00000| Untracked 
|  56|0x0000000084e00000, 0x0000000084e00000, 0x0000000084f00000|  0%| F|  |TAMS 0x0000000084e00000, 0x0000000084e00000| Untracked 
|  57|0x0000000084f00000, 0x0000000084f00000, 0x0000000085000000|  0%| F|  |TAMS 0x0000000084f00000, 0x0000000084f00000| Untracked 
|  58|0x0000000085000000, 0x0000000085000000, 0x0000000085100000|  0%| F|  |TAMS 0x0000000085000000, 0x0000000085000000| Untracked 
|  59|0x0000000085100000, 0x0000000085100000, 0x0000000085200000|  0%| F|  |TAMS 0x0000000085100000, 0x0000000085100000| Untracked 
|  60|0x0000000085200000, 0x0000000085200000, 0x0000000085300000|  0%| F|  |TAMS 0x0000000085200000, 0x0000000085200000| Untracked 
|  61|0x0000000085300000, 0x0000000085300000, 0x0000000085400000|  0%| F|  |TAMS 0x0000000085300000, 0x0000000085300000| Untracked 
|  62|0x0000000085400000, 0x0000000085400000, 0x0000000085500000|  0%| F|  |TAMS 0x0000000085400000, 0x0000000085400000| Untracked 
|  63|0x0000000085500000, 0x0000000085500000, 0x0000000085600000|  0%| F|  |TAMS 0x0000000085500000, 0x0000000085500000| Untracked 
|  64|0x0000000085600000, 0x0000000085600000, 0x0000000085700000|  0%| F|  |TAMS 0x0000000085600000, 0x0000000085600000| Untracked 
|  65|0x0000000085700000, 0x0000000085700000, 0x0000000085800000|  0%| F|  |TAMS 0x0000000085700000, 0x0000000085700000| Untracked 
|  66|0x0000000085800000, 0x0000000085800000, 0x0000000085900000|  0%| F|  |TAMS 0x0000000085800000, 0x0000000085800000| Untracked 
|  67|0x0000000085900000, 0x0000000085900000, 0x0000000085a00000|  0%| F|  |TAMS 0x0000000085900000, 0x0000000085900000| Untracked 
|  68|0x0000000085a00000, 0x0000000085a00000, 0x0000000085b00000|  0%| F|  |TAMS 0x0000000085a00000, 0x0000000085a00000| Untracked 
|  69|0x0000000085b00000, 0x0000000085b00000, 0x0000000085c00000|  0%| F|  |TAMS 0x0000000085b00000, 0x0000000085b00000| Untracked 
|  70|0x0000000085c00000, 0x0000000085ccaaf8, 0x0000000085d00000| 79%| S|CS|TAMS 0x0000000085c00000, 0x0000000085c00000| Complete 
|  71|0x0000000085d00000, 0x0000000085e00000, 0x0000000085e00000|100%| S|CS|TAMS 0x0000000085d00000, 0x0000000085d00000| Complete 
|  72|0x0000000085e00000, 0x0000000085f00000, 0x0000000085f00000|100%| S|CS|TAMS 0x0000000085e00000, 0x0000000085e00000| Complete 
|  73|0x0000000085f00000, 0x0000000086000000, 0x0000000086000000|100%| S|CS|TAMS 0x0000000085f00000, 0x0000000085f00000| Complete 
|  74|0x0000000086000000, 0x0000000086100000, 0x0000000086100000|100%| S|CS|TAMS 0x0000000086000000, 0x0000000086000000| Complete 
|  75|0x0000000086100000, 0x0000000086200000, 0x0000000086200000|100%| S|CS|TAMS 0x0000000086100000, 0x0000000086100000| Complete 
|  76|0x0000000086200000, 0x0000000086200000, 0x0000000086300000|  0%| F|  |TAMS 0x0000000086200000, 0x0000000086200000| Untracked 
|  77|0x0000000086300000, 0x0000000086300000, 0x0000000086400000|  0%| F|  |TAMS 0x0000000086300000, 0x0000000086300000| Untracked 
|  78|0x0000000086400000, 0x0000000086400000, 0x0000000086500000|  0%| F|  |TAMS 0x0000000086400000, 0x0000000086400000| Untracked 
|  79|0x0000000086500000, 0x0000000086500000, 0x0000000086600000|  0%| F|  |TAMS 0x0000000086500000, 0x0000000086500000| Untracked 
|  80|0x0000000086600000, 0x0000000086600000, 0x0000000086700000|  0%| F|  |TAMS 0x0000000086600000, 0x0000000086600000| Untracked 
|  81|0x0000000086700000, 0x0000000086700000, 0x0000000086800000|  0%| F|  |TAMS 0x0000000086700000, 0x0000000086700000| Untracked 
|  82|0x0000000086800000, 0x0000000086800000, 0x0000000086900000|  0%| F|  |TAMS 0x0000000086800000, 0x0000000086800000| Untracked 
|  83|0x0000000086900000, 0x0000000086900000, 0x0000000086a00000|  0%| F|  |TAMS 0x0000000086900000, 0x0000000086900000| Untracked 
|  84|0x0000000086a00000, 0x0000000086a00000, 0x0000000086b00000|  0%| F|  |TAMS 0x0000000086a00000, 0x0000000086a00000| Untracked 
|  85|0x0000000086b00000, 0x0000000086b00000, 0x0000000086c00000|  0%| F|  |TAMS 0x0000000086b00000, 0x0000000086b00000| Untracked 
|  86|0x0000000086c00000, 0x0000000086c00000, 0x0000000086d00000|  0%| F|  |TAMS 0x0000000086c00000, 0x0000000086c00000| Untracked 
|  87|0x0000000086d00000, 0x0000000086d00000, 0x0000000086e00000|  0%| F|  |TAMS 0x0000000086d00000, 0x0000000086d00000| Untracked 
|  88|0x0000000086e00000, 0x0000000086e00000, 0x0000000086f00000|  0%| F|  |TAMS 0x0000000086e00000, 0x0000000086e00000| Untracked 
|  89|0x0000000086f00000, 0x0000000086f00000, 0x0000000087000000|  0%| F|  |TAMS 0x0000000086f00000, 0x0000000086f00000| Untracked 
|  90|0x0000000087000000, 0x0000000087000000, 0x0000000087100000|  0%| F|  |TAMS 0x0000000087000000, 0x0000000087000000| Untracked 
|  91|0x0000000087100000, 0x0000000087100000, 0x0000000087200000|  0%| F|  |TAMS 0x0000000087100000, 0x0000000087100000| Untracked 
|  92|0x0000000087200000, 0x0000000087200000, 0x0000000087300000|  0%| F|  |TAMS 0x0000000087200000, 0x0000000087200000| Untracked 
|  93|0x0000000087300000, 0x0000000087300000, 0x0000000087400000|  0%| F|  |TAMS 0x0000000087300000, 0x0000000087300000| Untracked 
|  94|0x0000000087400000, 0x0000000087400000, 0x0000000087500000|  0%| F|  |TAMS 0x0000000087400000, 0x0000000087400000| Untracked 
|  95|0x0000000087500000, 0x0000000087500000, 0x0000000087600000|  0%| F|  |TAMS 0x0000000087500000, 0x0000000087500000| Untracked 
|  96|0x0000000087600000, 0x0000000087600000, 0x0000000087700000|  0%| F|  |TAMS 0x0000000087600000, 0x0000000087600000| Untracked 
|  97|0x0000000087700000, 0x0000000087700000, 0x0000000087800000|  0%| F|  |TAMS 0x0000000087700000, 0x0000000087700000| Untracked 
|  98|0x0000000087800000, 0x0000000087800000, 0x0000000087900000|  0%| F|  |TAMS 0x0000000087800000, 0x0000000087800000| Untracked 
|  99|0x0000000087900000, 0x0000000087900000, 0x0000000087a00000|  0%| F|  |TAMS 0x0000000087900000, 0x0000000087900000| Untracked 
| 100|0x0000000087a00000, 0x0000000087a00000, 0x0000000087b00000|  0%| F|  |TAMS 0x0000000087a00000, 0x0000000087a00000| Untracked 
| 101|0x0000000087b00000, 0x0000000087b00000, 0x0000000087c00000|  0%| F|  |TAMS 0x0000000087b00000, 0x0000000087b00000| Untracked 
| 102|0x0000000087c00000, 0x0000000087c00000, 0x0000000087d00000|  0%| F|  |TAMS 0x0000000087c00000, 0x0000000087c00000| Untracked 
| 103|0x0000000087d00000, 0x0000000087d00000, 0x0000000087e00000|  0%| F|  |TAMS 0x0000000087d00000, 0x0000000087d00000| Untracked 
| 104|0x0000000087e00000, 0x0000000087e00000, 0x0000000087f00000|  0%| F|  |TAMS 0x0000000087e00000, 0x0000000087e00000| Untracked 
| 105|0x0000000087f00000, 0x0000000087f00000, 0x0000000088000000|  0%| F|  |TAMS 0x0000000087f00000, 0x0000000087f00000| Untracked 
| 106|0x0000000088000000, 0x0000000088000000, 0x0000000088100000|  0%| F|  |TAMS 0x0000000088000000, 0x0000000088000000| Untracked 
| 107|0x0000000088100000, 0x0000000088100000, 0x0000000088200000|  0%| F|  |TAMS 0x0000000088100000, 0x0000000088100000| Untracked 
| 108|0x0000000088200000, 0x0000000088200000, 0x0000000088300000|  0%| F|  |TAMS 0x0000000088200000, 0x0000000088200000| Untracked 
| 109|0x0000000088300000, 0x0000000088300000, 0x0000000088400000|  0%| F|  |TAMS 0x0000000088300000, 0x0000000088300000| Untracked 
| 110|0x0000000088400000, 0x0000000088400000, 0x0000000088500000|  0%| F|  |TAMS 0x0000000088400000, 0x0000000088400000| Untracked 
| 111|0x0000000088500000, 0x0000000088500000, 0x0000000088600000|  0%| F|  |TAMS 0x0000000088500000, 0x0000000088500000| Untracked 
| 112|0x0000000088600000, 0x0000000088600000, 0x0000000088700000|  0%| F|  |TAMS 0x0000000088600000, 0x0000000088600000| Untracked 
| 113|0x0000000088700000, 0x0000000088700000, 0x0000000088800000|  0%| F|  |TAMS 0x0000000088700000, 0x0000000088700000| Untracked 
| 114|0x0000000088800000, 0x0000000088800000, 0x0000000088900000|  0%| F|  |TAMS 0x0000000088800000, 0x0000000088800000| Untracked 
| 115|0x0000000088900000, 0x0000000088900000, 0x0000000088a00000|  0%| F|  |TAMS 0x0000000088900000, 0x0000000088900000| Untracked 
| 116|0x0000000088a00000, 0x0000000088a00000, 0x0000000088b00000|  0%| F|  |TAMS 0x0000000088a00000, 0x0000000088a00000| Untracked 
| 117|0x0000000088b00000, 0x0000000088b00000, 0x0000000088c00000|  0%| F|  |TAMS 0x0000000088b00000, 0x0000000088b00000| Untracked 
| 118|0x0000000088c00000, 0x0000000088c00000, 0x0000000088d00000|  0%| F|  |TAMS 0x0000000088c00000, 0x0000000088c00000| Untracked 
| 119|0x0000000088d00000, 0x0000000088d00000, 0x0000000088e00000|  0%| F|  |TAMS 0x0000000088d00000, 0x0000000088d00000| Untracked 
| 120|0x0000000088e00000, 0x0000000088e00000, 0x0000000088f00000|  0%| F|  |TAMS 0x0000000088e00000, 0x0000000088e00000| Untracked 
| 121|0x0000000088f00000, 0x0000000088f00000, 0x0000000089000000|  0%| F|  |TAMS 0x0000000088f00000, 0x0000000088f00000| Untracked 
| 122|0x0000000089000000, 0x0000000089000000, 0x0000000089100000|  0%| F|  |TAMS 0x0000000089000000, 0x0000000089000000| Untracked 
| 123|0x0000000089100000, 0x0000000089100000, 0x0000000089200000|  0%| F|  |TAMS 0x0000000089100000, 0x0000000089100000| Untracked 
| 124|0x0000000089200000, 0x0000000089200000, 0x0000000089300000|  0%| F|  |TAMS 0x0000000089200000, 0x0000000089200000| Untracked 
| 125|0x0000000089300000, 0x0000000089300000, 0x0000000089400000|  0%| F|  |TAMS 0x0000000089300000, 0x0000000089300000| Untracked 
| 126|0x0000000089400000, 0x0000000089400000, 0x0000000089500000|  0%| F|  |TAMS 0x0000000089400000, 0x0000000089400000| Untracked 
| 127|0x0000000089500000, 0x0000000089500000, 0x0000000089600000|  0%| F|  |TAMS 0x0000000089500000, 0x0000000089500000| Untracked 
| 128|0x0000000089600000, 0x0000000089600000, 0x0000000089700000|  0%| F|  |TAMS 0x0000000089600000, 0x0000000089600000| Untracked 
| 129|0x0000000089700000, 0x0000000089700000, 0x0000000089800000|  0%| F|  |TAMS 0x0000000089700000, 0x0000000089700000| Untracked 
| 130|0x0000000089800000, 0x0000000089800000, 0x0000000089900000|  0%| F|  |TAMS 0x0000000089800000, 0x0000000089800000| Untracked 
| 131|0x0000000089900000, 0x0000000089900000, 0x0000000089a00000|  0%| F|  |TAMS 0x0000000089900000, 0x0000000089900000| Untracked 
| 132|0x0000000089a00000, 0x0000000089a00000, 0x0000000089b00000|  0%| F|  |TAMS 0x0000000089a00000, 0x0000000089a00000| Untracked 
| 133|0x0000000089b00000, 0x0000000089b00000, 0x0000000089c00000|  0%| F|  |TAMS 0x0000000089b00000, 0x0000000089b00000| Untracked 
| 134|0x0000000089c00000, 0x0000000089c00000, 0x0000000089d00000|  0%| F|  |TAMS 0x0000000089c00000, 0x0000000089c00000| Untracked 
| 135|0x0000000089d00000, 0x0000000089d00000, 0x0000000089e00000|  0%| F|  |TAMS 0x0000000089d00000, 0x0000000089d00000| Untracked 
| 136|0x0000000089e00000, 0x0000000089f00000, 0x0000000089f00000|100%| E|  |TAMS 0x0000000089e00000, 0x0000000089e00000| Complete 
| 137|0x0000000089f00000, 0x000000008a000000, 0x000000008a000000|100%| E|CS|TAMS 0x0000000089f00000, 0x0000000089f00000| Complete 
| 138|0x000000008a000000, 0x000000008a100000, 0x000000008a100000|100%| E|CS|TAMS 0x000000008a000000, 0x000000008a000000| Complete 
| 139|0x000000008a100000, 0x000000008a200000, 0x000000008a200000|100%| E|CS|TAMS 0x000000008a100000, 0x000000008a100000| Complete 
| 140|0x000000008a200000, 0x000000008a300000, 0x000000008a300000|100%| E|CS|TAMS 0x000000008a200000, 0x000000008a200000| Complete 
| 141|0x000000008a300000, 0x000000008a400000, 0x000000008a400000|100%| E|CS|TAMS 0x000000008a300000, 0x000000008a300000| Complete 
| 142|0x000000008a400000, 0x000000008a500000, 0x000000008a500000|100%| E|CS|TAMS 0x000000008a400000, 0x000000008a400000| Complete 
| 143|0x000000008a500000, 0x000000008a600000, 0x000000008a600000|100%| E|CS|TAMS 0x000000008a500000, 0x000000008a500000| Complete 
| 144|0x000000008a600000, 0x000000008a700000, 0x000000008a700000|100%| E|CS|TAMS 0x000000008a600000, 0x000000008a600000| Complete 
| 145|0x000000008a700000, 0x000000008a800000, 0x000000008a800000|100%| E|CS|TAMS 0x000000008a700000, 0x000000008a700000| Complete 
| 146|0x000000008a800000, 0x000000008a900000, 0x000000008a900000|100%| E|CS|TAMS 0x000000008a800000, 0x000000008a800000| Complete 
| 147|0x000000008a900000, 0x000000008aa00000, 0x000000008aa00000|100%| E|CS|TAMS 0x000000008a900000, 0x000000008a900000| Complete 
| 148|0x000000008aa00000, 0x000000008ab00000, 0x000000008ab00000|100%| E|CS|TAMS 0x000000008aa00000, 0x000000008aa00000| Complete 
| 149|0x000000008ab00000, 0x000000008ac00000, 0x000000008ac00000|100%| E|CS|TAMS 0x000000008ab00000, 0x000000008ab00000| Complete 
| 150|0x000000008ac00000, 0x000000008ad00000, 0x000000008ad00000|100%| E|CS|TAMS 0x000000008ac00000, 0x000000008ac00000| Complete 
| 151|0x000000008ad00000, 0x000000008ae00000, 0x000000008ae00000|100%| E|CS|TAMS 0x000000008ad00000, 0x000000008ad00000| Complete 
| 152|0x000000008ae00000, 0x000000008af00000, 0x000000008af00000|100%| E|CS|TAMS 0x000000008ae00000, 0x000000008ae00000| Complete 
| 153|0x000000008af00000, 0x000000008b000000, 0x000000008b000000|100%| E|CS|TAMS 0x000000008af00000, 0x000000008af00000| Complete 

Card table byte_map: [0x00000241d8f40000,0x00000241d9340000] _byte_map_base: 0x00000241d8b35000

Marking Bits (Prev, Next): (CMBitMap*) 0x00000241c5d33708, (CMBitMap*) 0x00000241c5d33740
 Prev Bits: [0x00000241d9740000, 0x00000241db6e8000)
 Next Bits: [0x00000241db6f0000, 0x00000241dd698000)

Polling page: 0x00000241c54d0000

Metaspace:

Usage:
  Non-class:     44.03 MB capacity,    43.71 MB (>99%) used,   256.09 KB ( <1%) free+waste,    74.81 KB ( <1%) overhead. 
      Class:      6.08 MB capacity,     5.88 MB ( 97%) used,   166.67 KB (  3%) free+waste,    32.94 KB ( <1%) overhead. 
       Both:     50.11 MB capacity,    49.59 MB ( 99%) used,   422.76 KB ( <1%) free+waste,   107.75 KB ( <1%) overhead. 

Virtual space:
  Non-class space:       46.00 MB reserved,      44.25 MB ( 96%) committed 
      Class space:        1.00 GB reserved,       6.13 MB ( <1%) committed 
             Both:        1.04 GB reserved,      50.38 MB (  5%) committed 

Chunk freelists:
   Non-Class:  33.00 KB
       Class:  17.00 KB
        Both:  50.00 KB

MaxMetaspaceSize: 17179869184.00 GB
CompressedClassSpaceSize: 1.00 GB
Initial GC threshold: 20.80 MB
Current GC threshold: 58.75 MB
CDS: off

CodeHeap 'non-profiled nmethods': size=120000Kb used=1193Kb max_used=1193Kb free=118806Kb
 bounds [0x00000241d12e0000, 0x00000241d1550000, 0x00000241d8810000]
CodeHeap 'profiled nmethods': size=120000Kb used=6434Kb max_used=6434Kb free=113566Kb
 bounds [0x00000241c9db0000, 0x00000241ca400000, 0x00000241d12e0000]
CodeHeap 'non-nmethods': size=5760Kb used=1281Kb max_used=1328Kb free=4478Kb
 bounds [0x00000241c9810000, 0x00000241c9a80000, 0x00000241c9db0000]
 total_blobs=3690 nmethods=3126 adapters=476
 compilation: enabled
              stopped_count=0, restarted_count=0
 full_count=0

Compilation events (20 events):
Event: 9.705 Thread 0x00000241e0a92800 3129       1       org.jetbrains.kotlin.resolve.calls.model.MutableResolvedCallAtom::getAtom (5 bytes)
Event: 9.706 Thread 0x00000241e0a92800 nmethod 3129 0x00000241d1408f10 code [0x00000241d14090c0, 0x00000241d1409178]
Event: 9.706 Thread 0x00000241e0a92800 3125       1       org.jetbrains.kotlin.resolve.lazy.descriptors.AbstractLazyMemberScope::getThisDescriptor (5 bytes)
Event: 9.706 Thread 0x00000241e0a92800 nmethod 3125 0x00000241d1409210 code [0x00000241d14093c0, 0x00000241d1409478]
Event: 9.706 Thread 0x00000241e0a92800 3130       3       gnu.trove.TObjectHash::index (146 bytes)
Event: 9.707 Thread 0x00000241e0a92800 nmethod 3130 0x00000241ca3f0690 code [0x00000241ca3f08a0, 0x00000241ca3f1068]
Event: 9.707 Thread 0x00000241e0a92800 3135       3       java.util.HashMap::containsKey (18 bytes)
Event: 9.708 Thread 0x00000241e0a92800 nmethod 3135 0x00000241ca3f1310 code [0x00000241ca3f14e0, 0x00000241ca3f17f8]
Event: 9.708 Thread 0x00000241e0a92800 3132       3       org.jetbrains.kotlin.resolve.scopes.ResolutionScope$DefaultImpls::recordLookup (22 bytes)
Event: 9.710 Thread 0x00000241e0a92800 nmethod 3132 0x00000241ca3f1910 code [0x00000241ca3f1bc0, 0x00000241ca3f2688]
Event: 9.710 Thread 0x00000241e0a92800 3134       3       org.jetbrains.kotlin.resolve.calls.tower.AbstractScopeTowerLevel::getLocation (10 bytes)
Event: 9.710 Thread 0x00000241e0a92800 nmethod 3134 0x00000241ca3f2a90 code [0x00000241ca3f2c40, 0x00000241ca3f2d98]
Event: 9.710 Thread 0x00000241e0a92800 3133       1       org.jetbrains.kotlin.resolve.calls.tower.TowerData$ForLookupForNoExplicitReceiver::getLevel (5 bytes)
Event: 9.710 Thread 0x00000241e0a92800 nmethod 3133 0x00000241d1409810 code [0x00000241d14099c0, 0x00000241d1409a78]
Event: 9.710 Thread 0x00000241e0a92800 3127       1       org.jetbrains.kotlin.resolve.lazy.descriptors.AbstractLazyMemberScope::getC (5 bytes)
Event: 9.711 Thread 0x00000241e0a92800 nmethod 3127 0x00000241d1409b10 code [0x00000241d1409cc0, 0x00000241d1409d78]
Event: 9.711 Thread 0x00000241e0a92800 3131       1       org.jetbrains.kotlin.resolve.lazy.LazyImportScope::getParent (5 bytes)
Event: 9.711 Thread 0x00000241e0a92800 nmethod 3131 0x00000241d1409e10 code [0x00000241d1409fc0, 0x00000241d140a078]
Event: 9.739 Thread 0x00000241e0a92800 3137   !   2       jdk.internal.loader.BuiltinClassLoader::findClassOnClassPathOrNull (64 bytes)
Event: 9.740 Thread 0x00000241e0a92800 nmethod 3137 0x00000241ca3f2e90 code [0x00000241ca3f30a0, 0x00000241ca3f3378]

GC Heap History (10 events):
Event: 1.876 GC heap before
{Heap before GC invocations=0 (full 0):
 garbage-first heap   total 131072K, used 28672K [0x0000000081600000, 0x0000000100000000)
  region size 1024K, 24 young (24576K), 0 survivors (0K)
 Metaspace       used 12019K, capacity 12114K, committed 12416K, reserved 1060864K
  class space    used 1063K, capacity 1077K, committed 1152K, reserved 1048576K
}
Event: 1.889 GC heap after
{Heap after GC invocations=1 (full 0):
 garbage-first heap   total 131072K, used 7547K [0x0000000081600000, 0x0000000100000000)
  region size 1024K, 3 young (3072K), 3 survivors (3072K)
 Metaspace       used 12019K, capacity 12114K, committed 12416K, reserved 1060864K
  class space    used 1063K, capacity 1077K, committed 1152K, reserved 1048576K
}
Event: 3.757 GC heap before
{Heap before GC invocations=1 (full 0):
 garbage-first heap   total 131072K, used 44411K [0x0000000081600000, 0x0000000100000000)
  region size 1024K, 40 young (40960K), 3 survivors (3072K)
 Metaspace       used 21029K, capacity 21249K, committed 21296K, reserved 1069056K
  class space    used 2221K, capacity 2299K, committed 2304K, reserved 1048576K
}
Event: 3.774 GC heap after
{Heap after GC invocations=2 (full 0):
 garbage-first heap   total 131072K, used 11066K [0x0000000081600000, 0x0000000100000000)
  region size 1024K, 7 young (7168K), 7 survivors (7168K)
 Metaspace       used 21029K, capacity 21249K, committed 21296K, reserved 1069056K
  class space    used 2221K, capacity 2299K, committed 2304K, reserved 1048576K
}
Event: 5.849 GC heap before
{Heap before GC invocations=3 (full 0):
 garbage-first heap   total 131072K, used 61242K [0x0000000081600000, 0x0000000100000000)
  region size 1024K, 50 young (51200K), 7 survivors (7168K)
 Metaspace       used 32209K, capacity 32600K, committed 32896K, reserved 1077248K
  class space    used 3993K, capacity 4144K, committed 4224K, reserved 1048576K
}
Event: 5.881 GC heap after
{Heap after GC invocations=4 (full 0):
 garbage-first heap   total 131072K, used 22133K [0x0000000081600000, 0x0000000100000000)
  region size 1024K, 5 young (5120K), 5 survivors (5120K)
 Metaspace       used 32209K, capacity 32600K, committed 32896K, reserved 1077248K
  class space    used 3993K, capacity 4144K, committed 4224K, reserved 1048576K
}
Event: 6.567 GC heap before
{Heap before GC invocations=4 (full 0):
 garbage-first heap   total 131072K, used 37493K [0x0000000081600000, 0x0000000100000000)
  region size 1024K, 21 young (21504K), 5 survivors (5120K)
 Metaspace       used 35347K, capacity 35717K, committed 35840K, reserved 1081344K
  class space    used 4347K, capacity 4501K, committed 4608K, reserved 1048576K
}
Event: 6.587 GC heap after
{Heap after GC invocations=5 (full 0):
 garbage-first heap   total 131072K, used 24407K [0x0000000081600000, 0x0000000100000000)
  region size 1024K, 3 young (3072K), 3 survivors (3072K)
 Metaspace       used 35347K, capacity 35717K, committed 35840K, reserved 1081344K
  class space    used 4347K, capacity 4501K, committed 4608K, reserved 1048576K
}
Event: 8.922 GC heap before
{Heap before GC invocations=6 (full 0):
 garbage-first heap   total 131072K, used 74583K [0x0000000081600000, 0x0000000100000000)
  region size 1024K, 52 young (53248K), 3 survivors (3072K)
 Metaspace       used 46111K, capacity 46596K, committed 46720K, reserved 1089536K
  class space    used 5490K, capacity 5675K, committed 5760K, reserved 1048576K
}
Event: 8.942 GC heap after
{Heap after GC invocations=7 (full 0):
 garbage-first heap   total 157696K, used 27980K [0x0000000081600000, 0x0000000100000000)
  region size 1024K, 6 young (6144K), 6 survivors (6144K)
 Metaspace       used 46111K, capacity 46596K, committed 46720K, reserved 1089536K
  class space    used 5490K, capacity 5675K, committed 5760K, reserved 1048576K
}

Deoptimization events (20 events):
Event: 9.052 Thread 0x00000241c5cf4800 Uncommon trap: trap_request=0xffffffde fr.pc=0x00000241d13af108 relative=0x0000000000000488
Event: 9.052 Thread 0x00000241c5cf4800 Uncommon trap: reason=class_check action=maybe_recompile pc=0x00000241d13af108 method=org.jetbrains.kotlin.protobuf.CodedInputStream.tryRefillBuffer(I)Z @ 177 c2
Event: 9.052 Thread 0x00000241c5cf4800 DEOPT PACKING pc=0x00000241d13af108 sp=0x0000007507cfd0f0
Event: 9.052 Thread 0x00000241c5cf4800 DEOPT UNPACKING pc=0x00000241c985a1af sp=0x0000007507cfcfd0 mode 2
Event: 9.052 Thread 0x00000241c5cf4800 Uncommon trap: trap_request=0xffffffde fr.pc=0x00000241d13af108 relative=0x0000000000000488
Event: 9.052 Thread 0x00000241c5cf4800 Uncommon trap: reason=class_check action=maybe_recompile pc=0x00000241d13af108 method=org.jetbrains.kotlin.protobuf.CodedInputStream.tryRefillBuffer(I)Z @ 177 c2
Event: 9.052 Thread 0x00000241c5cf4800 DEOPT PACKING pc=0x00000241d13af108 sp=0x0000007507cfd0f0
Event: 9.052 Thread 0x00000241c5cf4800 DEOPT UNPACKING pc=0x00000241c985a1af sp=0x0000007507cfcfd0 mode 2
Event: 9.229 Thread 0x00000241c5cf4800 Uncommon trap: trap_request=0xffffff4d fr.pc=0x00000241d13df4e8 relative=0x0000000000000048
Event: 9.229 Thread 0x00000241c5cf4800 Uncommon trap: reason=unstable_if action=reinterpret pc=0x00000241d13df4e8 method=kotlin.jvm.internal.Intrinsics.areEqual(Ljava/lang/Object;Ljava/lang/Object;)Z @ 5 c2
Event: 9.229 Thread 0x00000241c5cf4800 DEOPT PACKING pc=0x00000241d13df4e8 sp=0x0000007507cfcb10
Event: 9.229 Thread 0x00000241c5cf4800 DEOPT UNPACKING pc=0x00000241c985a1af sp=0x0000007507cfcaa0 mode 2
Event: 9.374 Thread 0x00000241c5cf4800 Uncommon trap: trap_request=0xffffff4d fr.pc=0x00000241d1384940 relative=0x0000000000000200
Event: 9.374 Thread 0x00000241c5cf4800 Uncommon trap: reason=unstable_if action=reinterpret pc=0x00000241d1384940 method=java.util.HashMap.hash(Ljava/lang/Object;)I @ 1 c2
Event: 9.374 Thread 0x00000241c5cf4800 DEOPT PACKING pc=0x00000241d1384940 sp=0x0000007507cfb880
Event: 9.374 Thread 0x00000241c5cf4800 DEOPT UNPACKING pc=0x00000241c985a1af sp=0x0000007507cfb7b0 mode 2
Event: 9.623 Thread 0x00000241c5cf4800 DEOPT PACKING pc=0x00000241d13f5948 sp=0x0000007507cf8250
Event: 9.623 Thread 0x00000241c5cf4800 DEOPT UNPACKING pc=0x00000241c985a95e sp=0x0000007507cf7700 mode 0
Event: 9.623 Thread 0x00000241c5cf4800 DEOPT PACKING pc=0x00000241d1393260 sp=0x0000007507cf8360
Event: 9.623 Thread 0x00000241c5cf4800 DEOPT UNPACKING pc=0x00000241c985a95e sp=0x0000007507cf7908 mode 0

Classes redefined (0 events):
No events

Internal exceptions (20 events):
Event: 4.514 Thread 0x00000241c5cf4800 Exception <a 'java/lang/NoSuchMethodError'{0x0000000088511f20}: 'java.lang.Object java.lang.invoke.DirectMethodHandle$Holder.invokeStatic(java.lang.Object, java.lang.Object, java.lang.Object, java.lang.Object, java.lang.Object, java.lang.Object, java.lang.Object, java.lang.Object, java.lang.Object, java.lang.Object, java.lang.Object, java.lang.Object, java.lang.Object, java.lang.Object, java.lang.Object)'> (0x0000000088511f20) thrown at [./src/hotspot/share/interpreter/linkResolver.cpp, line 773]
Event: 4.516 Thread 0x00000241c5cf4800 Exception <a 'java/lang/NoSuchMethodError'{0x000000008851ff28}: 'java.lang.Object java.lang.invoke.DirectMethodHandle$Holder.invokeStatic(java.lang.Object, java.lang.Object, java.lang.Object, java.lang.Object, java.lang.Object, java.lang.Object, java.lang.Object, java.lang.Object, java.lang.Object, java.lang.Object, java.lang.Object, java.lang.Object, java.lang.Object, java.lang.Object, java.lang.Object, java.lang.Object)'> (0x000000008851ff28) thrown at [./src/hotspot/share/interpreter/linkResolver.cpp, l
Event: 4.518 Thread 0x00000241c5cf4800 Exception <a 'java/lang/NoSuchMethodError'{0x000000008852de40}: 'java.lang.Object java.lang.invoke.DirectMethodHandle$Holder.invokeSpecial(java.lang.Object, java.lang.Object, int, int, java.lang.Object, java.lang.Object, java.lang.Object)'> (0x000000008852de40) thrown at [./src/hotspot/share/interpreter/linkResolver.cpp, line 773]
Event: 4.518 Thread 0x00000241c5cf4800 Exception <a 'java/lang/NoSuchMethodError'{0x0000000088531678}: 'java.lang.Object java.lang.invoke.DelegatingMethodHandle$Holder.reinvoke_L(java.lang.Object, int, int, java.lang.Object, java.lang.Object, java.lang.Object)'> (0x0000000088531678) thrown at [./src/hotspot/share/interpreter/linkResolver.cpp, line 773]
Event: 4.520 Thread 0x00000241c5cf4800 Exception <a 'java/lang/NoSuchMethodError'{0x0000000088535a00}: 'java.lang.Object java.lang.invoke.DirectMethodHandle$Holder.invokeStatic(java.lang.Object, java.lang.Object, java.lang.Object, java.lang.Object, int)'> (0x0000000088535a00) thrown at [./src/hotspot/share/interpreter/linkResolver.cpp, line 773]
Event: 4.666 Thread 0x00000241c5cf4800 Exception <a 'java/lang/NoSuchMethodError'{0x000000008845ddf0}: 'void java.lang.invoke.DirectMethodHandle$Holder.invokeStatic(java.lang.Object, java.lang.Object, java.lang.Object, java.lang.Object)'> (0x000000008845ddf0) thrown at [./src/hotspot/share/interpreter/linkResolver.cpp, line 773]
Event: 4.817 Thread 0x00000241c5cf4800 Exception <a 'java/lang/NoSuchMethodError'{0x0000000088057a50}: 'void java.lang.invoke.DirectMethodHandle$Holder.invokeStaticInit(java.lang.Object, java.lang.Object)'> (0x0000000088057a50) thrown at [./src/hotspot/share/interpreter/linkResolver.cpp, line 773]
Event: 5.013 Thread 0x00000241c5cf4800 Exception <a 'java/lang/NoSuchMethodError'{0x0000000087ca7468}: 'void java.lang.invoke.DirectMethodHandle$Holder.invokeVirtual(java.lang.Object, java.lang.Object)'> (0x0000000087ca7468) thrown at [./src/hotspot/share/interpreter/linkResolver.cpp, line 773]
Event: 5.047 Thread 0x00000241c5cf4800 Exception <a 'java/lang/NoSuchMethodError'{0x0000000087b74390}: 'int java.lang.invoke.DirectMethodHandle$Holder.invokeVirtual(java.lang.Object, java.lang.Object)'> (0x0000000087b74390) thrown at [./src/hotspot/share/interpreter/linkResolver.cpp, line 773]
Event: 5.433 Thread 0x00000241c5cf4800 Implicit null exception at 0x00000241d1353874 to 0x00000241d1353a6c
Event: 5.437 Thread 0x00000241c5cf4800 Implicit null exception at 0x00000241d134d05e to 0x00000241d134d7d2
Event: 5.438 Thread 0x00000241c5cf4800 Implicit null exception at 0x00000241d1347d2f to 0x00000241d1347d9d
Event: 6.561 Thread 0x00000241c5cf4800 Exception <a 'java/lang/NoSuchMethodError'{0x000000008862ff98}: 'java.lang.Object java.lang.invoke.DirectMethodHandle$Holder.invokeVirtual(java.lang.Object, java.lang.Object, java.lang.Object)'> (0x000000008862ff98) thrown at [./src/hotspot/share/interpreter/linkResolver.cpp, line 773]
Event: 8.477 Thread 0x00000241c5cf4800 Exception <a 'java/lang/NoSuchMethodError'{0x0000000086931928}: 'java.lang.Object java.lang.invoke.DirectMethodHandle$Holder.invokeStatic(java.lang.Object, java.lang.Object, java.lang.Object, int)'> (0x0000000086931928) thrown at [./src/hotspot/share/interpreter/linkResolver.cpp, line 773]
Event: 8.478 Thread 0x00000241c5cf4800 Exception <a 'java/lang/NoSuchMethodError'{0x0000000086935598}: 'java.lang.Object java.lang.invoke.DirectMethodHandle$Holder.invokeSpecial(java.lang.Object, java.lang.Object, java.lang.Object, java.lang.Object, int)'> (0x0000000086935598) thrown at [./src/hotspot/share/interpreter/linkResolver.cpp, line 773]
Event: 8.478 Thread 0x00000241c5cf4800 Exception <a 'java/lang/NoSuchMethodError'{0x00000000869388a8}: 'java.lang.Object java.lang.invoke.Invokers$Holder.linkToTargetMethod(java.lang.Object, java.lang.Object, int, java.lang.Object)'> (0x00000000869388a8) thrown at [./src/hotspot/share/interpreter/linkResolver.cpp, line 773]
Event: 8.608 Thread 0x00000241c5cf4800 Implicit null exception at 0x00000241d13cdc8c to 0x00000241d13cdd38
Event: 9.270 Thread 0x00000241c5cf4800 Exception <a 'java/lang/NoSuchMethodError'{0x000000008aa8ec08}: 'java.lang.Object java.lang.invoke.Invokers$Holder.linkToTargetMethod(java.lang.Object, java.lang.Object, java.lang.Object, java.lang.Object, java.lang.Object, java.lang.Object)'> (0x000000008aa8ec08) thrown at [./src/hotspot/share/interpreter/linkResolver.cpp, line 773]
Event: 9.374 Thread 0x00000241c5cf4800 Implicit null exception at 0x00000241d1384775 to 0x00000241d1384930
Event: 9.613 Thread 0x00000241c5cf4800 Exception <a 'java/lang/NoSuchMethodError'{0x000000008a3c8198}: 'java.lang.Object java.lang.invoke.Invokers$Holder.linkToTargetMethod(java.lang.Object, int, java.lang.Object)'> (0x000000008a3c8198) thrown at [./src/hotspot/share/interpreter/linkResolver.cpp, line 773]

Events (20 events):
Event: 9.763 loading class org/jetbrains/kotlin/cfg/pseudocode/instructions/InstructionWithNext
Event: 9.763 loading class org/jetbrains/kotlin/cfg/pseudocode/instructions/InstructionWithNext done
Event: 9.765 loading class org/jetbrains/kotlin/cfg/pseudocode/instructions/KtElementInstructionImpl
Event: 9.765 loading class org/jetbrains/kotlin/cfg/pseudocode/instructions/KtElementInstructionImpl done
Event: 9.766 loading class org/jetbrains/kotlin/cfg/pseudocode/instructions/KtElementInstruction
Event: 9.766 loading class org/jetbrains/kotlin/cfg/pseudocode/instructions/KtElementInstruction done
Event: 9.767 loading class org/jetbrains/kotlin/cfg/pseudocode/instructions/Instruction
Event: 9.767 loading class org/jetbrains/kotlin/cfg/pseudocode/instructions/Instruction done
Event: 9.767 loading class org/jetbrains/kotlin/cfg/pseudocode/instructions/InstructionImpl
Event: 9.767 loading class org/jetbrains/kotlin/cfg/pseudocode/instructions/InstructionImpl done
Event: 9.795 loading class org/jetbrains/kotlin/cfg/pseudocode/instructions/eval/MergeInstruction
Event: 9.795 loading class org/jetbrains/kotlin/cfg/pseudocode/instructions/eval/MergeInstruction done
Event: 9.797 loading class org/jetbrains/kotlin/cfg/pseudocode/instructions/eval/OperationInstruction
Event: 9.797 loading class org/jetbrains/kotlin/cfg/pseudocode/instructions/eval/OperationInstruction done
Event: 9.797 loading class org/jetbrains/kotlin/cfg/pseudocode/instructions/eval/InstructionWithValue
Event: 9.797 loading class org/jetbrains/kotlin/cfg/pseudocode/instructions/eval/InstructionWithValue done
Event: 9.798 loading class org/jetbrains/kotlin/cfg/pseudocode/PseudocodeUtilsKt
Event: 9.798 loading class org/jetbrains/kotlin/cfg/pseudocode/PseudocodeUtilsKt done
Event: 9.802 loading class org/jetbrains/kotlin/cfg/ControlFlowProcessor$CFPVisitor
Event: 9.802 loading class org/jetbrains/kotlin/cfg/ControlFlowProcessor$CFPVisitor done


Dynamic libraries:
0x00007ff670970000 - 0x00007ff67097a000 	C:\Program Files\Android\Android Studio\jre\bin\java.exe
0x00007ff81e950000 - 0x00007ff81eb45000 	C:\WINDOWS\SYSTEM32\ntdll.dll
0x00007fffec2a0000 - 0x00007fffec2b7000 	C:\Program Files\AVAST Software\Avast\aswhook.dll
0x00007ff81dc20000 - 0x00007ff81dcdd000 	C:\WINDOWS\System32\KERNEL32.DLL
0x00007ff81c260000 - 0x00007ff81c52d000 	C:\WINDOWS\System32\KERNELBASE.dll
0x00007ff81c7e0000 - 0x00007ff81c8e0000 	C:\WINDOWS\System32\ucrtbase.dll
0x00007fffeaae0000 - 0x00007fffeaaf9000 	C:\Program Files\Android\Android Studio\jre\bin\jli.dll
0x00007ff81ddc0000 - 0x00007ff81df60000 	C:\WINDOWS\System32\USER32.dll
0x00007ff81c7b0000 - 0x00007ff81c7d2000 	C:\WINDOWS\System32\win32u.dll
0x00007ff81e760000 - 0x00007ff81e78a000 	C:\WINDOWS\System32\GDI32.dll
0x00007ff81c0b0000 - 0x00007ff81c1bb000 	C:\WINDOWS\System32\gdi32full.dll
0x00007ff81c1c0000 - 0x00007ff81c25d000 	C:\WINDOWS\System32\msvcp_win.dll
0x00007ff81b680000 - 0x00007ff81b91a000 	C:\WINDOWS\WinSxS\amd64_microsoft.windows.common-controls_6595b64144ccf1df_6.0.19041.1110_none_60b5254171f9507e\COMCTL32.dll
0x00007fffeaac0000 - 0x00007fffeaad7000 	C:\Program Files\Android\Android Studio\jre\bin\VCRUNTIME140.dll
0x00007ff81d640000 - 0x00007ff81d6de000 	C:\WINDOWS\System32\msvcrt.dll
0x00007ff81e8b0000 - 0x00007ff81e8e0000 	C:\WINDOWS\System32\IMM32.DLL
0x00007fffdcd70000 - 0x00007fffdce0d000 	C:\Program Files\Android\Android Studio\jre\bin\msvcp140.dll
0x00007fffc0a50000 - 0x00007fffc1552000 	C:\Program Files\Android\Android Studio\jre\bin\server\jvm.dll
0x00007ff81e190000 - 0x00007ff81e23e000 	C:\WINDOWS\System32\ADVAPI32.dll
0x00007ff81c970000 - 0x00007ff81ca0c000 	C:\WINDOWS\System32\sechost.dll
0x00007ff81e500000 - 0x00007ff81e625000 	C:\WINDOWS\System32\RPCRT4.dll
0x00007ff81e8a0000 - 0x00007ff81e8a8000 	C:\WINDOWS\System32\PSAPI.DLL
0x00007ff81bd80000 - 0x00007ff81bd8a000 	C:\WINDOWS\SYSTEM32\VERSION.dll
0x00007ff8048f0000 - 0x00007ff804917000 	C:\WINDOWS\SYSTEM32\WINMM.dll
0x00007ff803440000 - 0x00007ff803449000 	C:\WINDOWS\SYSTEM32\WSOCK32.dll
0x00007ff81df60000 - 0x00007ff81dfcb000 	C:\WINDOWS\System32\WS2_32.dll
0x00007ff819b70000 - 0x00007ff819b82000 	C:\WINDOWS\SYSTEM32\kernel.appcore.dll
0x00007ff802f40000 - 0x00007ff802f51000 	C:\Program Files\Android\Android Studio\jre\bin\verify.dll
0x00007ff81b970000 - 0x00007ff81bb54000 	C:\WINDOWS\SYSTEM32\DBGHELP.DLL
0x00007ff81b940000 - 0x00007ff81b96c000 	C:\WINDOWS\SYSTEM32\dbgcore.DLL
0x00007ff81c8e0000 - 0x00007ff81c962000 	C:\WINDOWS\System32\bcryptPrimitives.dll
0x00007fffff1f0000 - 0x00007fffff219000 	C:\Program Files\Android\Android Studio\jre\bin\java.dll
0x00007ff819f70000 - 0x00007ff819f7b000 	C:\Program Files\Android\Android Studio\jre\bin\jimage.dll
0x00007fffff2c0000 - 0x00007fffff2d8000 	C:\Program Files\Android\Android Studio\jre\bin\zip.dll
0x00007ff81cef0000 - 0x00007ff81d634000 	C:\WINDOWS\System32\SHELL32.dll
0x00007ff8190f0000 - 0x00007ff819884000 	C:\WINDOWS\SYSTEM32\windows.storage.dll
0x00007ff81cac0000 - 0x00007ff81ce14000 	C:\WINDOWS\System32\combase.dll
0x00007ff81b2b0000 - 0x00007ff81b2dc000 	C:\WINDOWS\SYSTEM32\Wldp.dll
0x00007ff81ca10000 - 0x00007ff81cabd000 	C:\WINDOWS\System32\SHCORE.dll
0x00007ff81e2f0000 - 0x00007ff81e345000 	C:\WINDOWS\System32\shlwapi.dll
0x00007ff81bf70000 - 0x00007ff81bf8f000 	C:\WINDOWS\SYSTEM32\profapi.dll
0x00007fffff1d0000 - 0x00007fffff1ea000 	C:\Program Files\Android\Android Studio\jre\bin\net.dll
0x00007ff808f40000 - 0x00007ff80904a000 	C:\WINDOWS\SYSTEM32\WINHTTP.dll
0x00007ff81b030000 - 0x00007ff81b09a000 	C:\WINDOWS\system32\mswsock.dll
0x00007fffff1b0000 - 0x00007fffff1c4000 	C:\Program Files\Android\Android Studio\jre\bin\nio.dll

dbghelp: loaded successfully - version: 4.0.5 - missing functions: none
symbol engine: initialized successfully - sym options: 0x614 - pdb path: .;C:\Program Files\Android\Android Studio\jre\bin;C:\WINDOWS\SYSTEM32;C:\Program Files\AVAST Software\Avast;C:\WINDOWS\WinSxS\amd64_microsoft.windows.common-controls_6595b64144ccf1df_6.0.19041.1110_none_60b5254171f9507e;C:\Program Files\Android\Android Studio\jre\bin\server

VM Arguments:
java_command: org.jetbrains.kotlin.cli.jvm.K2JVMCompiler @C:\Android\Projects\MyFirstApplication\app\build\20221019_12789139762305639619.compiler.options
java_class_path (initial): C:\Users\ќл€ша\.gradle\caches\modules-2\files-2.1\org.jetbrains.kotlin\kotlin-compiler-embeddable\1.7.20\8db18559a581dd2c36ddfd5046af145650f5b126\kotlin-compiler-embeddable-1.7.20.jar;C:\Users\ќл€ша\.gradle\caches\modules-2\files-2.1\org.jetbrains.kotlin\kotlin-reflect\1.7.20\12b2501e33bb6373e8e347c86d85481863629381\kotlin-reflect-1.7.20.jar;C:\Users\ќл€ша\.gradle\caches\modules-2\files-2.1\org.jetbrains.kotlin\kotlin-stdlib\1.7.20\726594ea9ba2beb2ee113647fefa9a10f9fabe52\kotlin-stdlib-1.7.20.jar;C:\Users\ќл€ша\.gradle\caches\modules-2\files-2.1\org.jetbrains.kotlin\kotlin-script-runtime\1.7.20\bcd1cc6f865e632550357fcc59f5ffd532615a8\kotlin-script-runtime-1.7.20.jar;C:\Users\ќл€ша\.gradle\caches\modules-2\files-2.1\org.jetbrains.kotlin\kotlin-daemon-embeddable\1.7.20\1e24355adad8d529d75d5b19eab55484057431ba\kotlin-daemon-embeddable-1.7.20.jar;C:\Users\ќл€ша\.gradle\caches\modules-2\files-2.1\org.jetbrains.intellij.deps\trove4j\1.0.20200330\3afb14d5f9ceb459d724e907a21145e8ff394f02\trove4j-1.0.20200330.jar;C:\Users\ќл€ша\.gradle\caches\modules-2\files-2.1\net.java.dev.jna\jna\5.6.0\330f2244e9030119ab3030fc3fededc86713d9cc\jna-5.6.0.jar;C:\Users\ќл€ша\.gradle\caches\modules-2\files-2.1\org.jetbrains.kotlin\kotlin-stdlib-common\1.7.20\e15351bdaf9fa06f009be5da7a202e4184f00ae3\kotlin-stdlib-common-1.7.20.jar;C:\Users\ќл€ша\.gradle\caches\modules-2\files-2.1\org.jetbrains\annotations\13.0\919f0dfe192fb4e063e7dacadee7f8bb9a2672a9\annotations-13.0.jar
Launcher Type: SUN_STANDARD

[Global flags]
     intx CICompilerCount                          = 4                                         {product} {ergonomic}
     uint ConcGCThreads                            = 2                                         {product} {ergonomic}
     uint G1ConcRefinementThreads                  = 8                                         {product} {ergonomic}
   size_t G1HeapRegionSize                         = 1048576                                   {product} {ergonomic}
    uintx GCDrainStackTargetSize                   = 64                                        {product} {ergonomic}
   size_t InitialHeapSize                          = 134217728                                 {product} {ergonomic}
   size_t MarkStackSize                            = 4194304                                   {product} {ergonomic}
   size_t MaxHeapSize                              = 2124414976                                {product} {ergonomic}
   size_t MaxNewSize                               = 1274019840                                {product} {ergonomic}
   size_t MinHeapDeltaBytes                        = 1048576                                   {product} {ergonomic}
    uintx NonNMethodCodeHeapSize                   = 5836300                                {pd product} {ergonomic}
    uintx NonProfiledCodeHeapSize                  = 122910970                              {pd product} {ergonomic}
    uintx ProfiledCodeHeapSize                     = 122910970                              {pd product} {ergonomic}
    uintx ReservedCodeCacheSize                    = 251658240                              {pd product} {ergonomic}
     bool SegmentedCodeCache                       = true                                      {product} {ergonomic}
     bool UseCompressedClassPointers               = true                                 {lp64_product} {ergonomic}
     bool UseCompressedOops                        = true                                 {lp64_product} {ergonomic}
     bool UseG1GC                                  = true                                      {product} {ergonomic}
     bool UseLargePagesIndividualAllocation        = false                                  {pd product} {ergonomic}

Logging:
Log output configuration:
 #0: stdout all=warning uptime,level,tags
 #1: stderr all=off uptime,level,tags

Environment Variables:
PATH=C:\Program Files\NVIDIA GPU Computing Toolkit\CUDA\v11.4\bin;C:\Program Files\NVIDIA GPU Computing Toolkit\CUDA\v11.4\libnvvp;C:\Program Files (x86)\Common Files\Oracle\Java\javapath;C:\WINDOWS\system32;C:\WINDOWS;C:\WINDOWS\System32\Wbem;C:\WINDOWS\System32\WindowsPowerShell\v1.0\;C:\WINDOWS\System32\OpenSSH\;C:\Program Files\Common Files\Autodesk Shared\;C:\Program Files\Microsoft SQL Server\110\Tools\Binn\;C:\Program Files (x86)\Microsoft SQL Server\110\Tools\Binn\;C:\Program Files\Microsoft SQL Server\110\DTS\Binn\;C:\Program Files (x86)\Microsoft SQL Server\110\Tools\Binn\ManagementStudio\;C:\Program Files (x86)\Microsoft SQL Server\110\DTS\Binn\;C:\Program Files\Microsoft SQL Server\130\Tools\Binn\;C:\Program Files\Microsoft SQL Server\Client SDK\ODBC\170\Tools\Binn\;C:\Program Files\NVIDIA Corporation\Nsight Compute 2021.2.2\;C:\Program Files (x86)\NVIDIA Corporation\PhysX\Common;C:\Program Files\NVIDIA Corporation\NVIDIA NvDLISR;C:\Program Files\dotnet\;C:\Program Files (x86)\dotnet\;C:\Program Files\nodejs\;C:\Users\ќл€ша\Documents\mingw64\bin;C:\Users\ќл€ша\AppData\Local\Microsoft\WindowsApps;C:\Users\ќл€ша\.dotnet\tools;C:\Users\ќл€ша\AppData\Local\GitHubDesktop\bin;C:\Users\ќл€ша\AppData\Roaming\npm
USERNAME=ќл€ша
OS=Windows_NT
PROCESSOR_IDENTIFIER=Intel64 Family 6 Model 142 Stepping 10, GenuineIntel



---------------  S Y S T E M  ---------------

OS: Windows 10 , 64 bit Build 19041 (10.0.19041.1706)
OS uptime: 0 days 6:14 hours

CPU:total 8 (initial active 8) (4 cores per cpu, 2 threads per core) family 6 model 142 stepping 10 microcode 0xb4, cmov, cx8, fxsr, mmx, sse, sse2, sse3, ssse3, sse4.1, sse4.2, popcnt, avx, avx2, aes, clmul, erms, 3dnowpref, lzcnt, ht, tsc, tscinvbit, bmi1, bmi2, adx, fma

Memory: 4k page, system-wide physical 8101M (249M free)
TotalPageFile size 13724M (AvailPageFile size 80M)
current process WorkingSet (physical memory assigned to process): 234M, peak: 234M
current process commit charge ("private bytes"): 331M, peak: 333M

vm_info: OpenJDK 64-Bit Server VM (11.0.13+0-b1751.21-8125866) for windows-amd64 JRE (11.0.13+0-b1751.21-8125866), built on Feb  2 2022 03:00:22 by "builder" with MS VC++ 14.0 (VS2015)

END.
